# JRE version: Java(TM) SE Runtime Environment (8.0_151-b12) (build 1.8.0_151-b12)
# Java VM: Java HotSpot(TM) 64-Bit Server VM (25.151-b12 mixed mode windows-amd64 compressed oops)
Heap:
 PSYoungGen      total 95744K, used 3744K [0x0000000755f00000, 0x000000075c980000, 0x00000007c0000000)
  eden space 82432K, 4% used [0x0000000755f00000,0x00000007562a83c8,0x000000075af80000)
  from space 13312K, 0% used [0x000000075af80000,0x000000075af80000,0x000000075bc80000)
  to   space 13312K, 0% used [0x000000075bc80000,0x000000075bc80000,0x000000075c980000)
 ParOldGen       total 94720K, used 11872K [0x0000000681c00000, 0x0000000687880000, 0x0000000755f00000)
  object space 94720K, 12% used [0x0000000681c00000,0x0000000682798368,0x0000000687880000)
 Metaspace       used 21180K, capacity 21392K, committed 21680K, reserved 1069056K
  class space    used 2538K, capacity 2616K, committed 2736K, reserved 1048576K
GC Heap History (4 events):
Event: 15.237 GC heap before
{Heap before GC invocations=1 (full 0):
 PSYoungGen      total 95744K, used 56734K [0x0000000755f00000, 0x000000075c980000, 0x00000007c0000000)
  eden space 82432K, 68% used [0x0000000755f00000,0x0000000759667a70,0x000000075af80000)
  from space 13312K, 0% used [0x000000075bc80000,0x000000075bc80000,0x000000075c980000)
  to   space 13312K, 0% used [0x000000075af80000,0x000000075af80000,0x000000075bc80000)
 ParOldGen       total 218624K, used 0K [0x0000000681c00000, 0x000000068f180000, 0x0000000755f00000)
  object space 218624K, 0% used [0x0000000681c00000,0x0000000681c00000,0x000000068f180000)
 Metaspace       used 21024K, capacity 21226K, committed 21296K, reserved 1069056K
  class space    used 2512K, capacity 2583K, committed 2608K, reserved 1048576K
Event: 15.247 GC heap after
Heap after GC invocations=1 (full 0):
 PSYoungGen      total 95744K, used 12117K [0x0000000755f00000, 0x000000075c980000, 0x00000007c0000000)
  eden space 82432K, 0% used [0x0000000755f00000,0x0000000755f00000,0x000000075af80000)
  from space 13312K, 91% used [0x000000075af80000,0x000000075bb557c8,0x000000075bc80000)
  to   space 13312K, 0% used [0x000000075bc80000,0x000000075bc80000,0x000000075c980000)
 ParOldGen       total 218624K, used 72K [0x0000000681c00000, 0x000000068f180000, 0x0000000755f00000)
  object space 218624K, 0% used [0x0000000681c00000,0x0000000681c12010,0x000000068f180000)
 Metaspace       used 21024K, capacity 21226K, committed 21296K, reserved 1069056K
  class space    used 2512K, capacity 2583K, committed 2608K, reserved 1048576K
}
Event: 15.247 GC heap before
{Heap before GC invocations=2 (full 1):
 PSYoungGen      total 95744K, used 12117K [0x0000000755f00000, 0x000000075c980000, 0x00000007c0000000)
  eden space 82432K, 0% used [0x0000000755f00000,0x0000000755f00000,0x000000075af80000)
  from space 13312K, 91% used [0x000000075af80000,0x000000075bb557c8,0x000000075bc80000)
  to   space 13312K, 0% used [0x000000075bc80000,0x000000075bc80000,0x000000075c980000)
 ParOldGen       total 218624K, used 72K [0x0000000681c00000, 0x000000068f180000, 0x0000000755f00000)
  object space 218624K, 0% used [0x0000000681c00000,0x0000000681c12010,0x000000068f180000)
 Metaspace       used 21024K, capacity 21226K, committed 21296K, reserved 1069056K
  class space    used 2512K, capacity 2583K, committed 2608K, reserved 1048576K
Event: 15.292 GC heap after
Heap after GC invocations=2 (full 1):
 PSYoungGen      total 95744K, used 0K [0x0000000755f00000, 0x000000075c980000, 0x00000007c0000000)
  eden space 82432K, 0% used [0x0000000755f00000,0x0000000755f00000,0x000000075af80000)
  from space 13312K, 0% used [0x000000075af80000,0x000000075af80000,0x000000075bc80000)
  to   space 13312K, 0% used [0x000000075bc80000,0x000000075bc80000,0x000000075c980000)
 ParOldGen       total 94720K, used 11872K [0x0000000681c00000, 0x0000000687880000, 0x0000000755f00000)
  object space 94720K, 12% used [0x0000000681c00000,0x0000000682798368,0x0000000687880000)
 Metaspace       used 21024K, capacity 21226K, committed 21296K, reserved 1069056K
  class space    used 2512K, capacity 2583K, committed 2608K, reserved 1048576K
}

